<?xml version="1.0" encoding="UTF-8"?>
<!-- Generated by org.testng.reporters.JUnitXMLReporter -->
<testsuite hostname="DESKTOP-VNOG7NT" ignored="0" name="Surefire test" tests="1" failures="1" timestamp="2021-04-28T15:43:46 EDT" time="11.472" errors="0">
  <testcase name="runScenario" time="11.197" classname="io.cucumber.testng.AbstractTestNGCucumberTests">
    <failure type="java.lang.NoSuchMethodError" message="okhttp3.RequestBody.create([B)Lokhttp3/RequestBody;">
      <![CDATA[java.lang.NoSuchMethodError: okhttp3.RequestBody.create([B)Lokhttp3/RequestBody;
at com.twocaptcha.ApiClient.in(ApiClient.java:49)
at com.twocaptcha.TwoCaptcha.send(TwoCaptcha.java:212)
at com.twocaptcha.TwoCaptcha.solve(TwoCaptcha.java:154)
at com.twocaptcha.TwoCaptcha.solve(TwoCaptcha.java:142)
at pageObject.Login_page.captchaVia2captcha(Login_page.java:101)
at stepDef.Login_steps.iLoginAsRegisteredUser(Login_steps.java:23)
at ✽.I login as registered user(file:///C:/Users/hassan01.bhuiyan/Documents/Automation/captcha/src/test/java/features/login/login.feature:6)
]]>
    </failure>
  </testcase> <!-- runScenario -->
</testsuite> <!-- Surefire test -->
