<?xml version="1.0" encoding="UTF-8"?>
<!-- Generated by org.testng.reporters.JUnitXMLReporter -->
<testsuite ignored="0" hostname="DESKTOP-RIBT87O" failures="1" tests="1" name="Default test" time="102.095" errors="0" timestamp="2021-08-11T14:20:09 MYT">
  <testcase classname="io.cucumber.testng.AbstractTestNGCucumberTests" name="runScenario" time="100.907">
    <failure type="java.lang.AssertionError" message="expected [true] but found [false]">
      <![CDATA[java.lang.AssertionError: expected [true] but found [false]
at org.testng.Assert.fail(Assert.java:99)
at org.testng.Assert.failNotEquals(Assert.java:1037)
at org.testng.Assert.assertTrue(Assert.java:45)
at org.testng.Assert.assertTrue(Assert.java:55)
at pageObject.Checkout_Review_page.verifyNewBillingAddress(Checkout_Review_page.java:228)
at stepDef.Checkout_Review_steps.verifyUseIsOnReviewAndPlaceOrderPage(Checkout_Review_steps.java:26)
at ✽.I verify user is on Review and Place order page and all the details are displayed correctly(file:///C:/Users/Vikas/Desktop/Latest_lg/captcha/src/test/java/features/checkout/checkout_CreditCards.feature:548)
]]>
    </failure>
  </testcase> <!-- runScenario -->
</testsuite> <!-- Default test -->
