-------------------------------------------------------------------------------
Test set: TestSuite
-------------------------------------------------------------------------------
Tests run: 3, Failures: 3, Errors: 0, Skipped: 0, Time elapsed: 1.068 s <<< FAILURE! - in TestSuite
TestRunner.runScenario["As a brand new guest, ensure user able to checkout OMV Subscription product with promotion code and standard shipping using PayPal", "Optional[Checkout Flow using PayPal Payment Method]"](1)  Time elapsed: 0.092 s  <<< FAILURE!
io.cucumber.core.runner.DuplicateStepDefinitionException: Duplicate step definitions in stepDef.Checkout_Shipping_steps.iClickOnSaveAndContinueButtonAfterFillOutShippingInfo() and stepDef.Checkout_steps.iClickOnSaveAndContinueButtonAfterFillOutShippingInfo()

TestRunner.runScenario["As a brand new guest, ensure user able to checkout OMV Subscription product after removing promotion code once it was applied with overnight shipping", "Optional[Checkout Flow using PayPal Payment Method]"](2)  Time elapsed: 0.002 s  <<< FAILURE!
io.cucumber.core.runner.DuplicateStepDefinitionException: Duplicate step definitions in stepDef.Checkout_Shipping_steps.iClickOnSaveAndContinueButtonAfterFillOutShippingInfo() and stepDef.Checkout_steps.iClickOnSaveAndContinueButtonAfterFillOutShippingInfo()

TestRunner.runScenario["As a guest user, checkout OMD HE Innovel product and Create an account from confirmation page", "Optional[Checkout Flow using PayPal Payment Method]"](3)  Time elapsed: 0.003 s  <<< FAILURE!
io.cucumber.core.runner.DuplicateStepDefinitionException: Duplicate step definitions in stepDef.Checkout_Shipping_steps.iClickOnSaveAndContinueButtonAfterFillOutShippingInfo() and stepDef.Checkout_steps.iClickOnSaveAndContinueButtonAfterFillOutShippingInfo()

