<?xml version="1.0" encoding="UTF-8"?>
<testsuite xmlns:xsi="http://www.w3.org/2001/XMLSchema-instance" xsi:noNamespaceSchemaLocation="https://maven.apache.org/surefire/maven-surefire-plugin/xsd/surefire-test-report-3.0.xsd" version="3.0" name="TestSuite" time="1.068" tests="3" errors="0" skipped="0" failures="3">
  <properties>
[...]
</properties>
  <testcase name="runScenario[&quot;As a brand new guest, ensure user able to checkout OMV Subscription product with promotion code and standard shipping using PayPal&quot;, &quot;Optional[Checkout Flow using PayPal Payment Method]&quot;](1)" classname="TestRunner" time="0.092">
    <failure message="Duplicate step definitions in stepDef.Checkout_Shipping_steps.iClickOnSaveAndContinueButtonAfterFillOutShippingInfo() and stepDef.Checkout_steps.iClickOnSaveAndContinueButtonAfterFillOutShippingInfo()" type="io.cucumber.core.runner.DuplicateStepDefinitionException"><![CDATA[io.cucumber.core.runner.DuplicateStepDefinitionException: Duplicate step definitions in stepDef.Checkout_Shipping_steps.iClickOnSaveAndContinueButtonAfterFillOutShippingInfo() and stepDef.Checkout_steps.iClickOnSaveAndContinueButtonAfterFillOutShippingInfo()
]]></failure>
  </testcase>
  <testcase name="runScenario[&quot;As a brand new guest, ensure user able to checkout OMV Subscription product after removing promotion code once it was applied with overnight shipping&quot;, &quot;Optional[Checkout Flow using PayPal Payment Method]&quot;](2)" classname="TestRunner" time="0.002">
    <failure message="Duplicate step definitions in stepDef.Checkout_Shipping_steps.iClickOnSaveAndContinueButtonAfterFillOutShippingInfo() and stepDef.Checkout_steps.iClickOnSaveAndContinueButtonAfterFillOutShippingInfo()" type="io.cucumber.core.runner.DuplicateStepDefinitionException"><![CDATA[io.cucumber.core.runner.DuplicateStepDefinitionException: Duplicate step definitions in stepDef.Checkout_Shipping_steps.iClickOnSaveAndContinueButtonAfterFillOutShippingInfo() and stepDef.Checkout_steps.iClickOnSaveAndContinueButtonAfterFillOutShippingInfo()
]]></failure>
  </testcase>
  <testcase name="runScenario[&quot;As a guest user, checkout OMD HE Innovel product and Create an account from confirmation page&quot;, &quot;Optional[Checkout Flow using PayPal Payment Method]&quot;](3)" classname="TestRunner" time="0.003">
    <failure message="Duplicate step definitions in stepDef.Checkout_Shipping_steps.iClickOnSaveAndContinueButtonAfterFillOutShippingInfo() and stepDef.Checkout_steps.iClickOnSaveAndContinueButtonAfterFillOutShippingInfo()" type="io.cucumber.core.runner.DuplicateStepDefinitionException"><![CDATA[io.cucumber.core.runner.DuplicateStepDefinitionException: Duplicate step definitions in stepDef.Checkout_Shipping_steps.iClickOnSaveAndContinueButtonAfterFillOutShippingInfo() and stepDef.Checkout_steps.iClickOnSaveAndContinueButtonAfterFillOutShippingInfo()
]]></failure>
  </testcase>
</testsuite>