-------------------------------------------------------------------------------
Test set: TestRunner
-------------------------------------------------------------------------------
Tests run: 1, Failures: 1, Errors: 0, Skipped: 0, Time elapsed: 1.183 s <<< FAILURE! - in TestRunner
TestRunner.runScenario["Login with valid email and password", "Optional[Login]"](1)  Time elapsed: 0.581 s  <<< FAILURE!
java.lang.NoSuchFieldError: Companion

