<?xml version="1.0" encoding="UTF-8"?>
<!-- Generated by org.testng.reporters.JUnitReportReporter -->
<testsuite skipped="0" hostname="DESKTOP-VNOG7NT" name="TestRunner" tests="1" failures="0" timestamp="2021-04-28T15:43:46 EDT" time="11.197" errors="1">
  <testcase name="runScenario" time="11.197" classname="TestRunner">
    <error type="java.lang.NoSuchMethodError" message="okhttp3.RequestBody.create([B)Lokhttp3/RequestBody;">
      <![CDATA[java.lang.NoSuchMethodError: okhttp3.RequestBody.create([B)Lokhttp3/RequestBody;
at com.twocaptcha.ApiClient.in(ApiClient.java:49)
at com.twocaptcha.TwoCaptcha.send(TwoCaptcha.java:212)
at com.twocaptcha.TwoCaptcha.solve(TwoCaptcha.java:154)
at com.twocaptcha.TwoCaptcha.solve(TwoCaptcha.java:142)
at pageObject.Login_page.captchaVia2captcha(Login_page.java:101)
at stepDef.Login_steps.iLoginAsRegisteredUser(Login_steps.java:23)
at ✽.I login as registered user(file:///C:/Users/hassan01.bhuiyan/Documents/Automation/captcha/src/test/java/features/login/login.feature:6)
]]>
    </error>
  </testcase> <!-- runScenario -->
  <system-out/>
</testsuite> <!-- TestRunner -->
